<?xml version="1.0" encoding="UTF-8"?>
<!-- Generated by org.testng.reporters.JUnitReportReporter -->
<testsuite hostname="Abhresh" name="Testing.Scenario2" tests="5" failures="0" timestamp="11 Sep 2018 12:12:29 GMT" time="0.001" errors="0">
  <testcase name="Sugandh" time="0.000" classname="Testing.Scenario2"/>
  <testcase name="Madhava" time="0.001" classname="Testing.Scenario2"/>
  <testcase name="Tai" time="0.000" classname="Testing.Scenario2"/>
  <testcase name="Kanika" time="0.000" classname="Testing.Scenario2"/>
  <testcase name="Thrishna" time="0.000" classname="Testing.Scenario2"/>
</testsuite> <!-- Testing.Scenario2 -->
