<?xml version="1.0" encoding="UTF-8"?>
<!-- Generated by org.testng.reporters.JUnitReportReporter -->
<testsuite hostname="Abhresh" name="Testing.Scenario" tests="3" failures="0" timestamp="11 Sep 2018 12:12:29 GMT" time="25.611" errors="0">
  <testcase name="openApp" time="11.589" classname="Testing.Scenario"/>
  <testcase name="Logout" time="6.453" classname="Testing.Scenario"/>
  <testcase name="Login" time="7.569" classname="Testing.Scenario"/>
</testsuite> <!-- Testing.Scenario -->
