<?xml version="1.0" encoding="UTF-8"?>
<!-- Generated by org.testng.reporters.JUnitReportReporter -->
<testsuite hostname="Abhresh" name="Testing.Scenario" tests="3" failures="0" timestamp="10 Sep 2018 16:52:13 GMT" time="23.867" errors="0">
  <testcase name="Login" time="7.580" classname="Testing.Scenario"/>
  <testcase name="Logout" time="6.560" classname="Testing.Scenario"/>
  <testcase name="openApp" time="9.727" classname="Testing.Scenario"/>
</testsuite> <!-- Testing.Scenario -->
