<?xml version="1.0" encoding="UTF-8"?>
<!-- Generated by org.testng.reporters.JUnitReportReporter -->
<testsuite hostname="Abhresh" name="Testing.Scenario" tests="3" failures="0" timestamp="10 Sep 2018 12:01:23 GMT" time="24.639" errors="0">
  <testcase name="Login" time="8.254" classname="Testing.Scenario"/>
  <testcase name="Logout" time="6.828" classname="Testing.Scenario"/>
  <testcase name="openApp" time="9.557" classname="Testing.Scenario"/>
</testsuite> <!-- Testing.Scenario -->
